2023-11-21 17:38:45,041 [INFO] Activator:177 - 


2023-11-21 17:38:45,043 [INFO] Activator:178 - !SESSION log4j initialized
2023-11-21 17:38:48,332 [INFO] McuFinderGlobals:39 - Set McuFinder mode to 2 (CubeIDE integrated)
2023-11-21 17:38:50,715 [INFO] ApplicationProperties:181 - Using Application install path: C:\ST\STM32CubeIDE_1.7.0\STM32CubeIDE\plugins\com.st.stm32cube.common.mx_6.3.0.202107141111
2023-11-21 17:38:50,730 [INFO] DbMcusXml:74 - Set database path to: C:\ST\STM32CubeIDE_1.7.0\STM32CubeIDE\plugins\com.st.stm32cube.common.mx_6.3.0.202107141111\\db\/mcu/
2023-11-21 17:38:50,734 [INFO] DbBoardsPdsc:56 - Set plugin database path to: C:\ST\STM32CubeIDE_1.7.0\STM32CubeIDE\plugins\com.st.stm32cube.common.mx_6.3.0.202107141111\\db\/plugins/boardmanager/
2023-11-21 17:38:50,735 [INFO] DbMcus:258 - Set plugin images path to: C:\ST\STM32CubeIDE_1.7.0\STM32CubeIDE\plugins\com.st.stm32cube.common.mx_6.3.0.202107141111\\db\/plugins/mcufinder/images/
2023-11-21 17:38:50,735 [INFO] DbBoards:264 - Set plugin images path to: C:\ST\STM32CubeIDE_1.7.0\STM32CubeIDE\plugins\com.st.stm32cube.common.mx_6.3.0.202107141111\\db\/plugins/mcufinder/images/
2023-11-21 17:38:50,738 [INFO] DbExamples:333 - Set plugin images path to: C:\ST\STM32CubeIDE_1.7.0\STM32CubeIDE\plugins\com.st.stm32cube.common.mx_6.3.0.202107141111\\db\/plugins/mcufinder/images/
2023-11-21 17:38:50,746 [INFO] DbMcusAds:119 - Set database path to: C:\Users\Admin\.stmcufinder\plugins\mcufinder//mcu/
2023-11-21 17:38:50,748 [INFO] DbMcusDocs:110 - Set database path to: C:\Users\Admin\.stmcufinder\plugins\mcufinder//mcu/
2023-11-21 17:38:50,751 [INFO] DbMcusJson:64 - Set database path to: C:\Users\Admin\.stmcufinder\plugins\mcufinder//mcu/
2023-11-21 17:38:50,753 [INFO] DbBoardsDocs:110 - Set database path to: C:\Users\Admin\.stmcufinder\plugins\mcufinder//mcu/
2023-11-21 17:38:50,753 [INFO] DbBoardsJson:57 - Set database path to: C:\Users\Admin\.stmcufinder\plugins\mcufinder//mcu/
2023-11-21 17:38:50,756 [INFO] CrossReferenceDbSqlite:196 - Set database path to: C:\Users\Admin\.stmcufinder\plugins\mcufinder//mcu/cs/
2023-11-21 17:38:50,760 [INFO] DbExamplesSqlite:767 - Set database path to: C:\Users\Admin\.stmcufinder\plugins\mcufinder//mcu/
2023-11-21 17:38:50,868 [INFO] RulesReader:57 - Compatibility file has been processed (242 Rules)
2023-11-21 17:38:50,980 [INFO] DbMcusXml:74 - Set database path to: C:\ST\STM32CubeIDE_1.7.0\STM32CubeIDE\plugins\com.st.stm32cube.common.mx_6.3.0.202107141111\\db\/mcu/
2023-11-21 17:38:50,981 [INFO] DbBoardsPdsc:56 - Set plugin database path to: C:\ST\STM32CubeIDE_1.7.0\STM32CubeIDE\plugins\com.st.stm32cube.common.mx_6.3.0.202107141111\\db\/plugins/boardmanager/
2023-11-21 17:38:50,982 [INFO] DbMcus:258 - Set plugin images path to: C:\ST\STM32CubeIDE_1.7.0\STM32CubeIDE\plugins\com.st.stm32cube.common.mx_6.3.0.202107141111\\db\/plugins/mcufinder/images/
2023-11-21 17:38:50,982 [INFO] DbBoards:264 - Set plugin images path to: C:\ST\STM32CubeIDE_1.7.0\STM32CubeIDE\plugins\com.st.stm32cube.common.mx_6.3.0.202107141111\\db\/plugins/mcufinder/images/
2023-11-21 17:38:50,982 [INFO] DbExamples:333 - Set plugin images path to: C:\ST\STM32CubeIDE_1.7.0\STM32CubeIDE\plugins\com.st.stm32cube.common.mx_6.3.0.202107141111\\db\/plugins/mcufinder/images/
2023-11-21 17:38:50,982 [WARN] DbFile:35 - Overriding database path with different value: C:\Users\Admin\.stmcufinder\plugins\mcufinder/ => C:\Users\Admin\.stmcufinder\plugins\mcufinder
2023-11-21 17:38:50,982 [INFO] DbMcusAds:119 - Set database path to: C:\Users\Admin\.stmcufinder\plugins\mcufinder//mcu/
2023-11-21 17:38:50,982 [WARN] DbFile:35 - Overriding database path with different value: C:\Users\Admin\.stmcufinder\plugins\mcufinder/ => C:\Users\Admin\.stmcufinder\plugins\mcufinder
2023-11-21 17:38:50,982 [INFO] DbMcusDocs:110 - Set database path to: C:\Users\Admin\.stmcufinder\plugins\mcufinder//mcu/
2023-11-21 17:38:50,983 [WARN] DbFile:35 - Overriding database path with different value: C:\Users\Admin\.stmcufinder\plugins\mcufinder/ => C:\Users\Admin\.stmcufinder\plugins\mcufinder
2023-11-21 17:38:50,983 [INFO] DbMcusJson:64 - Set database path to: C:\Users\Admin\.stmcufinder\plugins\mcufinder//mcu/
2023-11-21 17:38:50,983 [WARN] DbFile:35 - Overriding database path with different value: C:\Users\Admin\.stmcufinder\plugins\mcufinder/ => C:\Users\Admin\.stmcufinder\plugins\mcufinder
2023-11-21 17:38:50,983 [INFO] DbBoardsDocs:110 - Set database path to: C:\Users\Admin\.stmcufinder\plugins\mcufinder//mcu/
2023-11-21 17:38:50,983 [WARN] DbFile:35 - Overriding database path with different value: C:\Users\Admin\.stmcufinder\plugins\mcufinder/ => C:\Users\Admin\.stmcufinder\plugins\mcufinder
2023-11-21 17:38:50,983 [INFO] DbBoardsJson:57 - Set database path to: C:\Users\Admin\.stmcufinder\plugins\mcufinder//mcu/
2023-11-21 17:38:50,983 [WARN] DbFile:35 - Overriding database path with different value: C:\Users\Admin\.stmcufinder\plugins\mcufinder/ => C:\Users\Admin\.stmcufinder\plugins\mcufinder
2023-11-21 17:38:50,983 [WARN] DbFile:35 - Overriding database path with different value: C:\Users\Admin\.stmcufinder\plugins\mcufinder/ => C:\Users\Admin\.stmcufinder\plugins\mcufinder
2023-11-21 17:38:50,984 [INFO] CrossReferenceDbSqlite:196 - Set database path to: C:\Users\Admin\.stmcufinder\plugins\mcufinder//mcu/cs/
2023-11-21 17:38:50,984 [WARN] DbFile:35 - Overriding database path with different value: C:\Users\Admin\.stmcufinder\plugins\mcufinder/ => C:\Users\Admin\.stmcufinder\plugins\mcufinder
2023-11-21 17:38:50,984 [INFO] DbExamplesSqlite:767 - Set database path to: C:\Users\Admin\.stmcufinder\plugins\mcufinder//mcu/
2023-11-21 17:38:51,068 [INFO] MainPanel:214 - HeapMemory: 268435456
2023-11-21 17:38:51,175 [INFO] DbMcusXml:74 - Set database path to: C:\ST\STM32CubeIDE_1.7.0\STM32CubeIDE\plugins\com.st.stm32cube.common.mx_6.3.0.202107141111\\db\/mcu/
2023-11-21 17:38:51,175 [INFO] DbBoardsPdsc:56 - Set plugin database path to: C:\ST\STM32CubeIDE_1.7.0\STM32CubeIDE\plugins\com.st.stm32cube.common.mx_6.3.0.202107141111\\db\/plugins/boardmanager/
2023-11-21 17:38:51,175 [INFO] DbMcus:258 - Set plugin images path to: C:\ST\STM32CubeIDE_1.7.0\STM32CubeIDE\plugins\com.st.stm32cube.common.mx_6.3.0.202107141111\\db\/plugins/mcufinder/images/
2023-11-21 17:38:51,175 [INFO] DbBoards:264 - Set plugin images path to: C:\ST\STM32CubeIDE_1.7.0\STM32CubeIDE\plugins\com.st.stm32cube.common.mx_6.3.0.202107141111\\db\/plugins/mcufinder/images/
2023-11-21 17:38:51,175 [INFO] DbExamples:333 - Set plugin images path to: C:\ST\STM32CubeIDE_1.7.0\STM32CubeIDE\plugins\com.st.stm32cube.common.mx_6.3.0.202107141111\\db\/plugins/mcufinder/images/
2023-11-21 17:38:51,176 [WARN] DbFile:35 - Overriding database path with different value: C:\Users\Admin\.stmcufinder\plugins\mcufinder/ => C:\Users\Admin\.stmcufinder\plugins\mcufinder
2023-11-21 17:38:51,176 [INFO] DbMcusAds:119 - Set database path to: C:\Users\Admin\.stmcufinder\plugins\mcufinder//mcu/
2023-11-21 17:38:51,176 [WARN] DbFile:35 - Overriding database path with different value: C:\Users\Admin\.stmcufinder\plugins\mcufinder/ => C:\Users\Admin\.stmcufinder\plugins\mcufinder
2023-11-21 17:38:51,176 [INFO] DbMcusDocs:110 - Set database path to: C:\Users\Admin\.stmcufinder\plugins\mcufinder//mcu/
2023-11-21 17:38:51,176 [WARN] DbFile:35 - Overriding database path with different value: C:\Users\Admin\.stmcufinder\plugins\mcufinder/ => C:\Users\Admin\.stmcufinder\plugins\mcufinder
2023-11-21 17:38:51,177 [INFO] DbMcusJson:64 - Set database path to: C:\Users\Admin\.stmcufinder\plugins\mcufinder//mcu/
2023-11-21 17:38:51,177 [WARN] DbFile:35 - Overriding database path with different value: C:\Users\Admin\.stmcufinder\plugins\mcufinder/ => C:\Users\Admin\.stmcufinder\plugins\mcufinder
2023-11-21 17:38:51,177 [INFO] DbBoardsDocs:110 - Set database path to: C:\Users\Admin\.stmcufinder\plugins\mcufinder//mcu/
2023-11-21 17:38:51,177 [WARN] DbFile:35 - Overriding database path with different value: C:\Users\Admin\.stmcufinder\plugins\mcufinder/ => C:\Users\Admin\.stmcufinder\plugins\mcufinder
2023-11-21 17:38:51,177 [INFO] DbBoardsJson:57 - Set database path to: C:\Users\Admin\.stmcufinder\plugins\mcufinder//mcu/
2023-11-21 17:38:51,177 [WARN] DbFile:35 - Overriding database path with different value: C:\Users\Admin\.stmcufinder\plugins\mcufinder/ => C:\Users\Admin\.stmcufinder\plugins\mcufinder
2023-11-21 17:38:51,177 [WARN] DbFile:35 - Overriding database path with different value: C:\Users\Admin\.stmcufinder\plugins\mcufinder/ => C:\Users\Admin\.stmcufinder\plugins\mcufinder
2023-11-21 17:38:51,177 [INFO] CrossReferenceDbSqlite:196 - Set database path to: C:\Users\Admin\.stmcufinder\plugins\mcufinder//mcu/cs/
2023-11-21 17:38:51,177 [WARN] DbFile:35 - Overriding database path with different value: C:\Users\Admin\.stmcufinder\plugins\mcufinder/ => C:\Users\Admin\.stmcufinder\plugins\mcufinder
2023-11-21 17:38:51,177 [INFO] DbExamplesSqlite:767 - Set database path to: C:\Users\Admin\.stmcufinder\plugins\mcufinder//mcu/
2023-11-21 17:38:51,199 [INFO] ApplicationProperties:181 - Using Application install path: C:\ST\STM32CubeIDE_1.7.0\STM32CubeIDE\plugins\com.st.stm32cube.common.mx_6.3.0.202107141111
2023-11-21 17:38:51,200 [INFO] PluginManage:188 - Search for loadable plugins [exclusion list=, ]
2023-11-21 17:38:51,202 [INFO] PluginManage:302 - Check plugin analytics
2023-11-21 17:38:51,365 [INFO] AnalyticsPlugin:257 - Accepted Software Licenses: 
2023-11-21 17:38:51,366 [INFO] AnalyticsPlugin:259 - Accepted CMSIS Pack Licenses: 
2023-11-21 17:38:51,367 [INFO] AnalyticsPlugin:261 - Accepted Firmware Licenses: 
2023-11-21 17:38:51,368 [INFO] PluginManage:352 - Loaded plugin analytics (category:tool,tabindex:-1)
2023-11-21 17:38:51,368 [INFO] PluginManage:302 - Check plugin clock
2023-11-21 17:38:51,390 [INFO] PluginManage:352 - Loaded plugin clock (category:base,tabindex:2)
2023-11-21 17:38:51,390 [INFO] PluginManage:302 - Check plugin ddr
2023-11-21 17:38:51,393 [INFO] PluginManage:352 - Loaded plugin ddr (category:tool,tabindex:6)
2023-11-21 17:38:51,393 [INFO] PluginManage:302 - Check plugin filemanager
2023-11-21 17:38:51,542 [INFO] PluginManage:352 - Loaded plugin filemanager (category:base,tabindex:10)
2023-11-21 17:38:51,542 [INFO] PluginManage:302 - Check plugin ipmanager
2023-11-21 17:38:51,551 [INFO] PluginManage:352 - Loaded plugin ipmanager (category:base,tabindex:5)
2023-11-21 17:38:51,551 [INFO] PluginManage:302 - Check plugin pinoutandconfiguration
2023-11-21 17:38:51,572 [INFO] PluginManage:352 - Loaded plugin pinoutandconfiguration (category:base,tabindex:1)
2023-11-21 17:38:51,572 [INFO] PluginManage:302 - Check plugin pinoutconfig
2023-11-21 17:38:51,613 [INFO] PluginManage:352 - Loaded plugin pinoutconfig (category:base,tabindex:0)
2023-11-21 17:38:51,613 [INFO] PluginManage:302 - Check plugin power
2023-11-21 17:38:51,634 [INFO] PluginManage:352 - Loaded plugin power (category:power,tabindex:4)
2023-11-21 17:38:51,634 [INFO] PluginManage:302 - Check plugin projectmanager
2023-11-21 17:38:51,655 [INFO] PluginManage:352 - Loaded plugin projectmanager (category:projectmanager,tabindex:3)
2023-11-21 17:38:51,655 [INFO] PluginManage:302 - Check plugin thirdparty
2023-11-21 17:38:51,951 [WARN] IntegrityCheckThread:78 - waiting for thirdparty lock release [integrity check]
2023-11-21 17:38:51,951 [INFO] PluginManage:352 - Loaded plugin thirdparty (category:base,tabindex:-1)
2023-11-21 17:38:51,952 [INFO] IntegrityCheckThread:80 - entering critical section [integrity check]
2023-11-21 17:38:51,952 [INFO] PluginManage:302 - Check plugin tools
2023-11-21 17:38:51,953 [INFO] ThirdPartyUpdaterWithRetryManager:66 - Updater plugin not ready yet. [1/15]
2023-11-21 17:38:52,021 [INFO] PluginManage:352 - Loaded plugin tools (category:base,tabindex:7)
2023-11-21 17:38:52,021 [INFO] PluginManage:302 - Check plugin tutovideos
2023-11-21 17:38:52,299 [INFO] PluginManage:352 - Loaded plugin tutovideos (category:base,tabindex:-1)
2023-11-21 17:38:52,300 [INFO] PluginManage:302 - Check plugin updater
2023-11-21 17:38:52,315 [INFO] PluginManage:352 - Loaded plugin updater (category:base,tabindex:12)
2023-11-21 17:38:52,316 [INFO] PluginManage:275 - PluginManage : Loaded plugins [13]
2023-11-21 17:38:52,533 [INFO] PinOutPanel:1463 - setPackage(No Configuration,No Configuration)
2023-11-21 17:38:52,656 [INFO] IPUIPlugin:74 - create IPUIPlugin
2023-11-21 17:38:52,656 [INFO] PluginManager:213 - loadIPPluginJar : add adc
2023-11-21 17:38:52,702 [INFO] IPUIPlugin:74 - create IPUIPlugin
2023-11-21 17:38:52,703 [INFO] PluginManager:213 - loadIPPluginJar : add aes
2023-11-21 17:38:52,759 [INFO] IPUIPlugin:74 - create IPUIPlugin
2023-11-21 17:38:52,759 [INFO] PluginManager:213 - loadIPPluginJar : add can
2023-11-21 17:38:52,795 [INFO] IPUIPlugin:74 - create IPUIPlugin
2023-11-21 17:38:52,795 [INFO] PluginManager:213 - loadIPPluginJar : add comp
2023-11-21 17:38:52,841 [INFO] IPUIPlugin:74 - create IPUIPlugin
2023-11-21 17:38:52,841 [INFO] PluginManager:213 - loadIPPluginJar : add cryp
2023-11-21 17:38:52,883 [INFO] IPUIPlugin:74 - create IPUIPlugin
2023-11-21 17:38:52,884 [INFO] PluginManager:213 - loadIPPluginJar : add dfsdm
2023-11-21 17:38:52,900 [INFO] IPUIPlugin:74 - create IPUIPlugin
2023-11-21 17:38:52,900 [INFO] PluginManager:213 - loadIPPluginJar : add dma
2023-11-21 17:38:52,965 [INFO] IPUIPlugin:74 - create IPUIPlugin
2023-11-21 17:38:52,966 [INFO] PluginManager:213 - loadIPPluginJar : add dma3
2023-11-21 17:38:52,998 [INFO] IPUIPlugin:74 - create IPUIPlugin
2023-11-21 17:38:52,999 [INFO] PluginManager:213 - loadIPPluginJar : add fatfs
2023-11-21 17:38:53,066 [INFO] IPUIPlugin:74 - create IPUIPlugin
2023-11-21 17:38:53,066 [INFO] PluginManager:213 - loadIPPluginJar : add fmc
2023-11-21 17:38:53,084 [INFO] IPUIPlugin:74 - create IPUIPlugin
2023-11-21 17:38:53,084 [INFO] PluginManager:213 - loadIPPluginJar : add freertos
2023-11-21 17:38:53,115 [INFO] IPUIPlugin:74 - create IPUIPlugin
2023-11-21 17:38:53,116 [INFO] PluginManager:213 - loadIPPluginJar : add genericplugin
2023-11-21 17:38:53,244 [INFO] IPUIPlugin:74 - create IPUIPlugin
2023-11-21 17:38:53,244 [INFO] PluginManager:213 - loadIPPluginJar : add gfxmmu
2023-11-21 17:38:53,398 [INFO] IPUIPlugin:74 - create IPUIPlugin
2023-11-21 17:38:53,398 [INFO] PluginManager:213 - loadIPPluginJar : add gic
2023-11-21 17:38:53,412 [INFO] IPUIPlugin:74 - create IPUIPlugin
2023-11-21 17:38:53,412 [INFO] PluginManager:213 - loadIPPluginJar : add gpio
2023-11-21 17:38:53,508 [INFO] IPUIPlugin:74 - create IPUIPlugin
2023-11-21 17:38:53,508 [INFO] PluginManager:213 - loadIPPluginJar : add gtzc
2023-11-21 17:38:53,548 [INFO] IPUIPlugin:74 - create IPUIPlugin
2023-11-21 17:38:53,550 [INFO] PluginManager:213 - loadIPPluginJar : add hash
2023-11-21 17:38:53,613 [INFO] IPUIPlugin:74 - create IPUIPlugin
2023-11-21 17:38:53,613 [INFO] PluginManager:213 - loadIPPluginJar : add i2c
2023-11-21 17:38:53,664 [INFO] IPUIPlugin:74 - create IPUIPlugin
2023-11-21 17:38:53,664 [INFO] PluginManager:213 - loadIPPluginJar : add i2s
2023-11-21 17:38:53,678 [INFO] IPUIPlugin:74 - create IPUIPlugin
2023-11-21 17:38:53,678 [INFO] PluginManager:213 - loadIPPluginJar : add ipddr
2023-11-21 17:38:53,791 [INFO] IPUIPlugin:74 - create IPUIPlugin
2023-11-21 17:38:53,791 [INFO] PluginManager:213 - loadIPPluginJar : add linkedlist
2023-11-21 17:38:53,843 [INFO] IPUIPlugin:74 - create IPUIPlugin
2023-11-21 17:38:53,843 [INFO] PluginManager:213 - loadIPPluginJar : add lorawan
2023-11-21 17:38:53,891 [INFO] IPUIPlugin:74 - create IPUIPlugin
2023-11-21 17:38:53,891 [INFO] PluginManager:213 - loadIPPluginJar : add ltdc
2023-11-21 17:38:53,905 [INFO] IPUIPlugin:74 - create IPUIPlugin
2023-11-21 17:38:53,906 [INFO] PluginManager:213 - loadIPPluginJar : add mdma
2023-11-21 17:38:53,920 [INFO] IPUIPlugin:74 - create IPUIPlugin
2023-11-21 17:38:53,920 [INFO] PluginManager:213 - loadIPPluginJar : add nvic
2023-11-21 17:38:53,975 [INFO] IPUIPlugin:74 - create IPUIPlugin
2023-11-21 17:38:53,975 [INFO] PluginManager:213 - loadIPPluginJar : add opamp
2023-11-21 17:38:54,057 [INFO] IPUIPlugin:74 - create IPUIPlugin
2023-11-21 17:38:54,058 [INFO] PluginManager:213 - loadIPPluginJar : add openamp
2023-11-21 17:38:54,112 [INFO] IPUIPlugin:74 - create IPUIPlugin
2023-11-21 17:38:54,112 [INFO] PluginManager:213 - loadIPPluginJar : add pdm2pcm
2023-11-21 17:38:54,130 [INFO] IPUIPlugin:74 - create IPUIPlugin
2023-11-21 17:38:54,134 [INFO] PluginManager:213 - loadIPPluginJar : add plateformsettings
2023-11-21 17:38:54,170 [INFO] IPUIPlugin:74 - create IPUIPlugin
2023-11-21 17:38:54,170 [INFO] PluginManager:213 - loadIPPluginJar : add quadspi
2023-11-21 17:38:54,188 [INFO] IPUIPlugin:74 - create IPUIPlugin
2023-11-21 17:38:54,188 [INFO] PluginManager:213 - loadIPPluginJar : add resmgrutility
2023-11-21 17:38:54,274 [INFO] IPUIPlugin:74 - create IPUIPlugin
2023-11-21 17:38:54,274 [INFO] PluginManager:213 - loadIPPluginJar : add sai
2023-11-21 17:38:54,341 [INFO] IPUIPlugin:74 - create IPUIPlugin
2023-11-21 17:38:54,342 [INFO] PluginManager:213 - loadIPPluginJar : add spi
2023-11-21 17:38:54,424 [INFO] IPUIPlugin:74 - create IPUIPlugin
2023-11-21 17:38:54,425 [INFO] PluginManager:213 - loadIPPluginJar : add stm32_wpan
2023-11-21 17:38:54,460 [INFO] IPUIPlugin:74 - create IPUIPlugin
2023-11-21 17:38:54,460 [INFO] PluginManager:213 - loadIPPluginJar : add tim
2023-11-21 17:38:54,538 [INFO] IPUIPlugin:74 - create IPUIPlugin
2023-11-21 17:38:54,538 [INFO] PluginManager:213 - loadIPPluginJar : add touchsensing
2023-11-21 17:38:54,574 [INFO] IPUIPlugin:74 - create IPUIPlugin
2023-11-21 17:38:54,574 [INFO] PluginManager:213 - loadIPPluginJar : add tracer_emb
2023-11-21 17:38:54,612 [INFO] IPUIPlugin:74 - create IPUIPlugin
2023-11-21 17:38:54,612 [INFO] PluginManager:213 - loadIPPluginJar : add ts
2023-11-21 17:38:54,646 [INFO] IPUIPlugin:74 - create IPUIPlugin
2023-11-21 17:38:54,647 [INFO] PluginManager:213 - loadIPPluginJar : add tsc
2023-11-21 17:38:54,683 [INFO] IPUIPlugin:74 - create IPUIPlugin
2023-11-21 17:38:54,684 [INFO] PluginManager:213 - loadIPPluginJar : add ucpd
2023-11-21 17:38:54,740 [INFO] IPUIPlugin:74 - create IPUIPlugin
2023-11-21 17:38:54,741 [INFO] PluginManager:213 - loadIPPluginJar : add usart
2023-11-21 17:38:54,788 [INFO] IPUIPlugin:74 - create IPUIPlugin
2023-11-21 17:38:54,788 [INFO] PluginManager:213 - loadIPPluginJar : add usbx
2023-11-21 17:38:54,962 [INFO] ThirdPartyUpdaterWithRetryManager:66 - Updater plugin not ready yet. [2/15]
2023-11-21 17:38:55,134 [FATAL] Updater:294 - Updater called before beeing initialized
2023-11-21 17:38:55,254 [FATAL] Updater:294 - Updater called before beeing initialized
2023-11-21 17:38:55,264 [INFO] DbMcusAds:47 - JSON generation date=Tue Mar 07 15:50:55 ICT 2023 (1678179055335)
2023-11-21 17:38:55,265 [FATAL] Updater:294 - Updater called before beeing initialized
2023-11-21 17:38:55,308 [WARN] DetailPanel:314 - Failed to get advertising image, set to default
2023-11-21 17:38:55,404 [FATAL] Updater:294 - Updater called before beeing initialized
2023-11-21 17:38:55,407 [FATAL] Updater:294 - Updater called before beeing initialized
2023-11-21 17:38:55,407 [FATAL] Updater:294 - Updater called before beeing initialized
2023-11-21 17:38:55,408 [WARN] DetailPanel:314 - Failed to get advertising image, set to default
2023-11-21 17:38:55,410 [FATAL] Updater:294 - Updater called before beeing initialized
2023-11-21 17:38:55,477 [ERROR] Updater:1075 - MainUpdater not yet initialized. External WinMGr cannot be set.
2023-11-21 17:38:55,490 [INFO] Updater:1012 - Updater Version found : 6.3.0
2023-11-21 17:38:55,517 [INFO] ApplicationProperties:181 - Using Application install path: C:\ST\STM32CubeIDE_1.7.0\STM32CubeIDE\plugins\com.st.stm32cube.common.mx_6.3.0.202107141111
2023-11-21 17:38:55,704 [INFO] MainUpdater:2671 - connection check result : 10
2023-11-21 17:38:55,704 [INFO] MainUpdater:3359 - Updater definition file requires update
2023-11-21 17:38:55,705 [INFO] MainUpdater:265 - Updater Check For Update Now.
2023-11-21 17:38:55,705 [INFO] MicroXplorer:478 - Change Database Version : DB.6.0.30
2023-11-21 17:38:55,761 [INFO] ServerAccessManage:362 - Download File updaters.zip
2023-11-21 17:38:55,842 [INFO] FileExtend:235 - Unzip File : updaters.zip
2023-11-21 17:38:55,842 [INFO] FileExtend:250 - Standard Zip Deflate
2023-11-21 17:38:57,093 [INFO] ServerAccessManage:362 - Download File PacksControlFlags.xml
2023-11-21 17:38:57,218 [INFO] ServerAccessManage:362 - Download File cubemx.pidx
2023-11-21 17:38:57,970 [WARN] MainUpdater:1122 - Updater busy. Cannot search thirdparties
2023-11-21 17:38:57,970 [INFO] ThirdPartyUpdaterWithRetryManager:92 - Updater plugin is busy. [1/15]
2023-11-21 17:38:58,337 [INFO] ServerAccessManage:362 - Download File STMicroelectronics.X-CUBE-TOF1.pdsc
2023-11-21 17:38:59,598 [ERROR] ServerAccessManage:974 - Problem, file not found on Server
2023-11-21 17:39:00,982 [WARN] MainUpdater:1122 - Updater busy. Cannot search thirdparties
2023-11-21 17:39:00,982 [INFO] ThirdPartyUpdaterWithRetryManager:92 - Updater plugin is busy. [2/15]
2023-11-21 17:39:01,281 [ERROR] ServerAccessManage:981 - Problem, Http access forbiden
2023-11-21 17:39:01,281 [ERROR] ServerAccessManage:531 - Problem, Http access forbiden : RoweBots.I-CUBE-UNISONRTOS.pdsc.
2023-11-21 17:39:01,506 [WARN] PopulateThirdPartyThread:100 - Error when creating pack: C:/Users/Admin/.stm32cubemx/thirdparties/pdsc/STMicroelectronics.X-CUBE-TOF1.pdsc
2023-11-21 17:39:01,507 [INFO] PopulateThirdPartyThread:60 - Ending populate Thread
2023-11-21 17:39:01,507 [INFO] LoadServerUpdatesThread:339 - End of LoadServerUpdate Thread
2023-11-21 17:39:01,672 [INFO] CheckServerUpdateThread:112 - End of CheckServer Thread
2023-11-21 17:39:01,748 [INFO] MainUpdater:2671 - connection check result : 10
2023-11-21 17:39:01,776 [INFO] McuFinderGlobals:52 - Set McuFinderConnectedMode to true
2023-11-21 17:39:01,882 [INFO] ServerAccessManage:362 - Download File mcusAds.json._tmp_
2023-11-21 17:39:02,021 [INFO] LoadUrlFilesThread:145 - End of LoadUrlFiles Thread
2023-11-21 17:39:02,771 [INFO] ServerAccessManage:362 - Download File mcusDocs.json._tmp_
2023-11-21 17:39:03,627 [INFO] LoadUrlFilesThread:145 - End of LoadUrlFiles Thread
2023-11-21 17:39:03,792 [INFO] ServerAccessManage:362 - Download File mcusFeaturesAndDescription.json._tmp_
2023-11-21 17:39:03,994 [WARN] MainUpdater:1122 - Updater busy. Cannot search thirdparties
2023-11-21 17:39:03,994 [INFO] ThirdPartyUpdaterWithRetryManager:92 - Updater plugin is busy. [3/15]
2023-11-21 17:39:04,846 [INFO] LoadUrlFilesThread:145 - End of LoadUrlFiles Thread
2023-11-21 17:39:05,012 [INFO] ServerAccessManage:362 - Download File boardsDocs.json._tmp_
2023-11-21 17:39:05,144 [INFO] LoadUrlFilesThread:145 - End of LoadUrlFiles Thread
2023-11-21 17:39:05,310 [INFO] ServerAccessManage:362 - Download File boards.json._tmp_
2023-11-21 17:39:05,505 [INFO] LoadUrlFilesThread:145 - End of LoadUrlFiles Thread
2023-11-21 17:39:05,706 [INFO] ServerAccessManage:362 - Download File cube-finder-db.zip
2023-11-21 17:39:07,004 [WARN] MainUpdater:1122 - Updater busy. Cannot search thirdparties
2023-11-21 17:39:07,004 [INFO] ThirdPartyUpdaterWithRetryManager:92 - Updater plugin is busy. [4/15]
2023-11-21 17:39:08,367 [INFO] FileExtend:235 - Unzip File : cube-finder-db.zip
2023-11-21 17:39:08,367 [INFO] FileExtend:250 - Standard Zip Deflate
2023-11-21 17:39:09,276 [INFO] LoadUrlFilesThread:145 - End of LoadUrlFiles Thread
2023-11-21 17:39:10,008 [WARN] MainUpdater:1122 - Updater busy. Cannot search thirdparties
2023-11-21 17:39:10,008 [INFO] ThirdPartyUpdaterWithRetryManager:92 - Updater plugin is busy. [5/15]
2023-11-21 17:39:10,245 [INFO] ServerAccessManage:362 - Download File crdb.zip
2023-11-21 17:39:11,413 [INFO] FileExtend:235 - Unzip File : crdb.zip
2023-11-21 17:39:11,414 [INFO] FileExtend:250 - Standard Zip Deflate
2023-11-21 17:39:11,567 [INFO] LoadUrlFilesThread:145 - End of LoadUrlFiles Thread
2023-11-21 17:39:11,760 [INFO] ServerAccessManage:362 - Download File tutoVideoDB.zip
2023-11-21 17:39:11,774 [INFO] FileExtend:235 - Unzip File : tutoVideoDB.zip
2023-11-21 17:39:11,775 [INFO] FileExtend:250 - Standard Zip Deflate
2023-11-21 17:39:11,911 [INFO] LoadUrlFilesThread:145 - End of LoadUrlFiles Thread
2023-11-21 17:39:11,912 [INFO] DbMcusAds:47 - JSON generation date=Tue Mar 07 15:50:55 ICT 2023 (1678179055335)
2023-11-21 17:39:11,926 [INFO] DbMcusDocs:143 - JSON generation date=Tue Nov 16 23:17:54 ICT 2021 (1637079474)
2023-11-21 17:39:11,927 [INFO] DbMcusXml:100 - Load MCU database from C:\ST\STM32CubeIDE_1.7.0\STM32CubeIDE\plugins\com.st.stm32cube.common.mx_6.3.0.202107141111\\db\/mcu/families.xml
2023-11-21 17:39:12,871 [INFO] DbMcusJson:93 - JSON generation date=Tue Nov 16 23:17:54 ICT 2021 (1637079474)
2023-11-21 17:39:13,200 [ERROR] Engine:463 - C:\Users\Admin\.stm32cubemx\thirdparties\pdsc\STMicroelectronics.X-CUBE-SMBUS.2.1.0.pdsc: PDSC version is not supported
2023-11-21 17:39:13,284 [WARN] PackLoader:238 - Cannot read IP mode file for STMicroelectronics.X-CUBE-AZRTOS-F7.1.1.0
2023-11-21 17:39:13,303 [ERROR] Engine:463 - C:\Users\Admin\.stm32cubemx\thirdparties\pdsc\STMicroelectronics.FP-SNS-MOTENV1.4.3.2.pdsc: PDSC version is not supported
2023-11-21 17:39:13,308 [ERROR] Engine:463 - C:\Users\Admin\.stm32cubemx\thirdparties\pdsc\STMicroelectronics.FP-SNS-FLIGHT1.5.0.2.pdsc: PDSC version is not supported
2023-11-21 17:39:13,321 [ERROR] Engine:463 - C:\Users\Admin\.stm32cubemx\thirdparties\pdsc\STMicroelectronics.X-CUBE-DISPLAY.3.0.0.pdsc: PDSC version is not supported
2023-11-21 17:39:13,344 [WARN] PackLoader:238 - Cannot read IP mode file for STMicroelectronics.X-CUBE-BLE1.7.0.0
2023-11-21 17:39:13,360 [ERROR] Engine:463 - C:\Users\Admin\.stm32cubemx\thirdparties\pdsc\emotas.I-CUBE-CANOPEN.1.3.0.pdsc: PDSC version is not supported
2023-11-21 17:39:13,376 [WARN] PackLoader:238 - Cannot read IP mode file for STMicroelectronics.X-CUBE-TOUCHGFX.4.22.0
2023-11-21 17:39:13,391 [WARN] PackLoader:238 - Cannot read IP mode file for STMicroelectronics.X-CUBE-TOUCHGFX.4.22.1
2023-11-21 17:39:13,405 [ERROR] Engine:463 - C:\Users\Admin\.stm32cubemx\thirdparties\pdsc\STMicroelectronics.FP-SNS-SMARTAG2.1.2.0.pdsc: PDSC version is not supported
2023-11-21 17:39:13,438 [INFO] LogOutputStream:76 - [STDOUT_REDIRECT] 1 : Invalid condition id : UX_CORESTACK_Condition cause : null
2023-11-21 17:39:13,441 [INFO] LogOutputStream:76 - [STDOUT_REDIRECT] 1 : Invalid condition id : UX_CORESTACK_Condition cause : null
2023-11-21 17:39:13,443 [INFO] LogOutputStream:76 - [STDOUT_REDIRECT] 1 : Invalid condition id : UX_CORESTACK_Condition cause : null
2023-11-21 17:39:13,445 [INFO] LogOutputStream:76 - [STDOUT_REDIRECT] 1 : Invalid condition id : UX_CORESTACK_Condition cause : null
2023-11-21 17:39:13,447 [INFO] LogOutputStream:76 - [STDOUT_REDIRECT] 1 : Invalid condition id : UX_CORESTACK_Condition cause : null
2023-11-21 17:39:13,457 [WARN] PackLoader:238 - Cannot read IP mode file for STMicroelectronics.X-CUBE-AZRTOS-WL.2.0.0
2023-11-21 17:39:13,482 [WARN] PackLoader:238 - Cannot read IP mode file for WES.I-CUBE-Cesium.1.3.0
2023-11-21 17:39:13,503 [WARN] PackLoader:238 - Cannot read IP mode file for STMicroelectronics.X-CUBE-BLE2.3.3.0
2023-11-21 17:39:13,527 [WARN] PackLoader:238 - Cannot read IP mode file for STMicroelectronics.X-CUBE-ALGOBUILD.1.3.0
2023-11-21 17:39:13,577 [WARN] PackLoader:238 - Cannot read IP mode file for STMicroelectronics.X-CUBE-AZRTOS-G0.1.1.0
2023-11-21 17:39:13,602 [WARN] PackLoader:238 - Cannot read IP mode file for STMicroelectronics.X-CUBE-NFC4.3.0.0
2023-11-21 17:39:13,622 [ERROR] Engine:463 - C:\Users\Admin\.stm32cubemx\thirdparties\pdsc\STMicroelectronics.X-CUBE-BLEMGR.3.0.0.pdsc: PDSC version is not supported
2023-11-21 17:39:13,629 [WARN] PackLoader:238 - Cannot read IP mode file for STMicroelectronics.FP-ATR-SIGFOX1.3.2.0
2023-11-21 17:39:13,709 [WARN] PackLoader:238 - Cannot read IP mode file for SEGGER.I-CUBE-embOS.1.3.1
2023-11-21 17:39:13,958 [INFO] DbMcus:175 - Found 1951 MCUs (1903 are supported by CubeMX, 1914 are visible in CubeMX)
2023-11-21 17:39:13,959 [INFO] ApiDb:251 - Load user favorites file C:\Users\Admin/.stm32cubeide/favorites.mcus.txt: 0 item(s)
2023-11-21 17:39:13,960 [INFO] ApiDb:255 - User favorites MCUs=[]
2023-11-21 17:39:13,960 [INFO] DbMcus:187 - Set 0 / 0 favorites MCUs
2023-11-21 17:39:13,972 [WARN] PackLoader:238 - Cannot read IP mode file for STMicroelectronics.X-CUBE-GNSS1.6.0.0
2023-11-21 17:39:14,021 [WARN] PackLoader:238 - Cannot read IP mode file for STMicroelectronics.X-CUBE-AZRTOS-F4.1.1.0
2023-11-21 17:39:14,040 [WARN] PackLoader:238 - Cannot read IP mode file for wolfSSL.I-CUBE-wolfSSL.5.6.3
2023-11-21 17:39:14,078 [WARN] PackLoader:238 - Cannot read IP mode file for STMicroelectronics.X-CUBE-AZRTOS-L5.2.0.0
2023-11-21 17:39:14,164 [WARN] PackLoader:238 - Cannot read IP mode file for STMicroelectronics.X-CUBE-MEMS1.9.6.0
2023-11-21 17:39:14,443 [WARN] PackLoader:238 - Cannot read IP mode file for STMicroelectronics.X-CUBE-EEPRMA1.4.2.0
2023-11-21 17:39:14,460 [ERROR] Engine:463 - C:\Users\Admin\.stm32cubemx\thirdparties\pdsc\ITTIA_DB.I-CUBE-ITTIADB.8.8.0.pdsc: PDSC version is not supported
2023-11-21 17:39:14,481 [WARN] PackLoader:238 - Cannot read IP mode file for STMicroelectronics.X-CUBE-BLEMGR.2.0.0
2023-11-21 17:39:14,525 [WARN] ConditionMgr:437 - getConditionDescription Invalid condition id : UX DEVICE CLASS RTOS Condition cause : null
2023-11-21 17:39:14,526 [WARN] ConditionMgr:437 - getConditionDescription Invalid condition id : UX DEVICE CLASS RTOS Condition cause : null
2023-11-21 17:39:14,533 [WARN] PackLoader:238 - Cannot read IP mode file for STMicroelectronics.X-CUBE-AZRTOS-H7.3.1.0
2023-11-21 17:39:14,534 [WARN] ConditionMgr:1038 - genDependencies : Invalid condition id : UX DEVICE CLASS RTOS Condition cause : null
2023-11-21 17:39:14,535 [WARN] ConditionMgr:1038 - genDependencies : Invalid condition id : UX DEVICE CLASS RTOS Condition cause : null
2023-11-21 17:39:14,536 [WARN] ConditionMgr:1038 - genDependencies : Invalid condition id : UX DEVICE CLASS RTOS Condition cause : null
2023-11-21 17:39:14,536 [WARN] ConditionMgr:1038 - genDependencies : Invalid condition id : UX DEVICE CLASS RTOS Condition cause : null
2023-11-21 17:39:14,536 [WARN] ConditionMgr:1038 - genDependencies : Invalid condition id : UX DEVICE CLASS RTOS Condition cause : null
2023-11-21 17:39:14,557 [WARN] PackLoader:238 - Cannot read IP mode file for STMicroelectronics.X-CUBE-NFC7.1.0.1
2023-11-21 17:39:14,581 [WARN] PackLoader:238 - Cannot read IP mode file for STMicroelectronics.X-CUBE-NFC6.3.0.0
2023-11-21 17:39:14,598 [WARN] PackLoader:238 - Cannot read IP mode file for STMicroelectronics.X-CUBE-EEPRMA1.4.1.0
2023-11-21 17:39:14,618 [WARN] PackLoader:238 - Cannot read IP mode file for STMicroelectronics.X-CUBE-AI.8.1.0
2023-11-21 17:39:14,660 [WARN] ConditionMgr:437 - getConditionDescription Invalid condition id : LAN8742 Phy interface Condition cause : null
2023-11-21 17:39:14,660 [WARN] PackLoader:238 - Cannot read IP mode file for STMicroelectronics.X-CUBE-AZRTOS-L4.2.0.0
2023-11-21 17:39:14,662 [WARN] ConditionMgr:1038 - genDependencies : Invalid condition id : LAN8742 Phy interface Condition cause : null
2023-11-21 17:39:14,662 [WARN] ConditionMgr:1038 - genDependencies : Invalid condition id : LAN8742 Phy interface Condition cause : null
2023-11-21 17:39:14,663 [WARN] ConditionMgr:1038 - genDependencies : Invalid condition id : LAN8742 Phy interface Condition cause : null
2023-11-21 17:39:14,681 [WARN] PackLoader:238 - Cannot read IP mode file for STMicroelectronics.X-CUBE-SFXS2LP1.4.0.0
2023-11-21 17:39:14,695 [WARN] PackLoader:238 - Cannot read IP mode file for STMicroelectronics.X-CUBE-ISPU.1.1.0
2023-11-21 17:39:14,731 [WARN] ConditionMgr:437 - getConditionDescription Invalid condition id : UX DEVICE CLASS RTOS Condition cause : null
2023-11-21 17:39:14,731 [WARN] ConditionMgr:437 - getConditionDescription Invalid condition id : UX DEVICE CLASS RTOS Condition cause : null
2023-11-21 17:39:14,734 [WARN] PackLoader:238 - Cannot read IP mode file for STMicroelectronics.X-CUBE-AZRTOS-WB.2.0.0
2023-11-21 17:39:14,736 [WARN] ConditionMgr:1038 - genDependencies : Invalid condition id : UX DEVICE CLASS RTOS Condition cause : null
2023-11-21 17:39:14,736 [WARN] ConditionMgr:1038 - genDependencies : Invalid condition id : UX DEVICE CLASS RTOS Condition cause : null
2023-11-21 17:39:14,737 [WARN] ConditionMgr:1038 - genDependencies : Invalid condition id : UX DEVICE CLASS RTOS Condition cause : null
2023-11-21 17:39:14,737 [WARN] ConditionMgr:1038 - genDependencies : Invalid condition id : UX DEVICE CLASS RTOS Condition cause : null
2023-11-21 17:39:14,737 [WARN] ConditionMgr:1038 - genDependencies : Invalid condition id : UX DEVICE CLASS RTOS Condition cause : null
2023-11-21 17:39:14,764 [WARN] PackLoader:238 - Cannot read IP mode file for STMicroelectronics.X-CUBE-SUBG2.5.0.0
2023-11-21 17:39:14,791 [ERROR] Engine:463 - C:\Users\Admin\.stm32cubemx\thirdparties\pdsc\STMicroelectronics.X-CUBE-TOF1.3.3.1.pdsc: PDSC version is not supported
2023-11-21 17:39:14,831 [WARN] PackLoader:238 - Cannot read IP mode file for STMicroelectronics.X-CUBE-AZRTOS-G4.2.0.0
2023-11-21 17:39:14,854 [ERROR] Engine:463 - C:\Users\Admin\.stm32cubemx\thirdparties\pdsc\Infineon.AIROC-Wi-Fi-Bluetooth-STM32.1.5.1.pdsc: PDSC version is not supported
2023-11-21 17:39:14,859 [ERROR] Engine:463 - C:\Users\Admin\.stm32cubemx\thirdparties\pdsc\STMicroelectronics.FP-SNS-MOTENVWB1.1.3.0.pdsc: PDSC version is not supported
2023-11-21 17:39:14,952 [WARN] PackLoader:238 - Cannot read IP mode file for STMicroelectronics.X-CUBE-MEMS1.10.0.0
2023-11-21 17:39:15,188 [ERROR] Engine:463 - C:\Users\Admin\.stm32cubemx\thirdparties\pdsc\STMicroelectronics.X-CUBE-FREERTOS.1.1.0.pdsc: PDSC version is not supported
2023-11-21 17:39:15,206 [WARN] PackLoader:238 - Cannot read IP mode file for portGmbH.I-Cube-SoM-uGOAL.1.1.0
2023-11-21 17:39:15,221 [WARN] PackLoader:238 - Cannot read IP mode file for STMicroelectronics.X-CUBE-ALS.1.0.1
2023-11-21 17:39:15,228 [WARN] PackLoader:238 - Cannot read IP mode file for STMicroelectronics.FP-ATR-ASTRA1.2.0.0
2023-11-21 17:39:15,235 [ERROR] Engine:463 - C:\Users\Admin\.stm32cubemx\thirdparties\pdsc\STMicroelectronics.X-CUBE-TOF1.3.4.0.pdsc: PDSC version is not supported
2023-11-21 17:39:15,235 [INFO] ThirdParty:915 - Integrity check success = true
2023-11-21 17:39:15,235 [INFO] IntegrityCheckThread:94 - exiting critical section [integrity check]
2023-11-21 17:39:15,235 [INFO] IntegrityCheckThread:97 - End integrity checks thread
2023-11-21 17:39:15,251 [INFO] DbMcusDocs:79 - Found 682 MCUs documents
2023-11-21 17:39:15,255 [INFO] ApiDb:276 - Save user favorites file C:\Users\Admin/.stm32cubeide/favorites.mcus.txt: 0 item(s)
2023-11-21 17:39:15,255 [INFO] ApiDb:280 - User favorites MCUs=[]
2023-11-21 17:39:15,255 [INFO] DbMcusXml:100 - Load MCU database from C:\ST\STM32CubeIDE_1.7.0\STM32CubeIDE\plugins\com.st.stm32cube.common.mx_6.3.0.202107141111\\db\/mcu/families.xml
2023-11-21 17:39:16,095 [INFO] DbMcusJson:93 - JSON generation date=Tue Nov 16 23:17:54 ICT 2021 (1637079474)
2023-11-21 17:39:16,813 [INFO] DbMcus:175 - Found 1951 MCUs (1903 are supported by CubeMX, 1914 are visible in CubeMX)
2023-11-21 17:39:16,813 [INFO] ApiDb:251 - Load user favorites file C:\Users\Admin/.stm32cubeide/favorites.mcus.txt: 0 item(s)
2023-11-21 17:39:16,814 [INFO] ApiDb:255 - User favorites MCUs=[]
2023-11-21 17:39:16,814 [INFO] DbMcus:187 - Set 0 / 0 favorites MCUs
2023-11-21 17:39:16,821 [INFO] DbBoardsDocs:143 - JSON generation date=Tue Nov 16 23:17:54 ICT 2021 (1637079474)
2023-11-21 17:39:16,848 [INFO] DbBoardsPdsc:90 - Found 25 items
2023-11-21 17:39:16,862 [INFO] DbBoardsPdsc:90 - Found 9 items
2023-11-21 17:39:16,876 [INFO] DbBoardsPdsc:90 - Found 33 items
2023-11-21 17:39:16,887 [INFO] DbBoardsPdsc:90 - Found 1 items
2023-11-21 17:39:16,903 [INFO] DbBoardsPdsc:90 - Found 48 items
2023-11-21 17:39:16,928 [INFO] DbBoardsPdsc:90 - Found 43 items
2023-11-21 17:39:16,938 [INFO] DbBoardsPdsc:90 - Found 2 items
2023-11-21 17:39:16,952 [INFO] DbBoardsPdsc:90 - Found 5 items
2023-11-21 17:39:16,960 [WARN] DbBoardsPdsc:254 - Board STM32H7B3I-DK: unknown feature type=Audio, name=, username=Audio stereo codec with Headphone Amp (CS42L51-CNZ), n=1
2023-11-21 17:39:16,960 [WARN] DbBoardsPdsc:254 - Board STM32H735G-DK: unknown feature type=Audio, name=, username=Audio stereo codec with Headphone Amp (WM8994ECS/R), n=1
2023-11-21 17:39:16,962 [WARN] DbBoardsPdsc:254 - Board STM32H7B3I-EVAL: unknown feature type=Audio, name=, username=Multi-Channel Audio Codec (CS42L51-CNZ), n=1
2023-11-21 17:39:16,962 [WARN] DbBoardsPdsc:254 - Board STM32H7B3I-EVAL: unknown feature type=Meter, name=, username=Power-metering and Temperature-monitoring with sigma-delta modulators, n=1
2023-11-21 17:39:16,962 [WARN] DbBoardsPdsc:254 - Board STM32H7B3I-EVAL: unknown feature type=Motor, name=, username=Motor Control, n=1
2023-11-21 17:39:16,963 [WARN] DbBoardsPdsc:254 - Board STM32U575I-EV: unknown feature type=joystick, name=, username=4-direction joystick with selection button, n=1
2023-11-21 17:39:16,980 [INFO] DbBoardsJson:86 - JSON generation date=Tue Nov 16 23:17:54 ICT 2021 (1637079474)
2023-11-21 17:39:16,991 [INFO] DbBoards:117 - Found 167 boards (163 are supported by CubeMX)
2023-11-21 17:39:16,995 [INFO] DbBoardsDocs:143 - JSON generation date=Tue Nov 16 23:17:54 ICT 2021 (1637079474)
2023-11-21 17:39:16,999 [INFO] DbBoardsDocs:79 - Found 209 boards documents
2023-11-21 17:39:17,000 [WARN] DbBoards:127 - board B-L475E-IOT01A2 has no document id list !
2023-11-21 17:39:17,001 [WARN] DbBoards:127 - board NUCLEO-H743ZI has no document id list !
2023-11-21 17:39:17,002 [WARN] DbBoards:127 - board NUCLEO-WL55JC2 has no document id list !
2023-11-21 17:39:17,002 [WARN] DbBoards:127 - board P-NUCLEO-WB55-Nucleo has no document id list !
2023-11-21 17:39:17,003 [WARN] DbBoards:127 - board P-NUCLEO-WB55-USBDongle has no document id list !
2023-11-21 17:39:17,003 [WARN] DbBoards:127 - board STEVAL-BFA001V1B has no document id list !
2023-11-21 17:39:17,003 [WARN] DbBoards:127 - board STEVAL-BFA001V2B has no document id list !
2023-11-21 17:39:17,003 [WARN] DbBoards:127 - board STEVAL-IDP005V1 has no document id list !
2023-11-21 17:39:17,003 [WARN] DbBoards:127 - board STEVAL-IDP005V2 has no document id list !
2023-11-21 17:39:17,003 [WARN] DbBoards:127 - board STEVAL-MKSBOX1V1 has no document id list !
2023-11-21 17:39:17,004 [WARN] DbBoards:127 - board STEVAL-STWINKT1 has no document id list !
2023-11-21 17:39:17,004 [WARN] DbBoards:127 - board STEVAL-STWINKT1B has no document id list !
2023-11-21 17:39:17,004 [WARN] DbBoards:127 - board STM32439I-EVAL2 has no document id list !
2023-11-21 17:39:17,004 [WARN] DbBoards:127 - board STM32F401C-DISCO has no document id list !
2023-11-21 17:39:17,005 [WARN] DbBoards:127 - board STM32F769I-DISC1 has no document id list !
2023-11-21 17:39:17,005 [WARN] DbBoards:127 - board STM32G474E-EVAL1 has no document id list !
2023-11-21 17:39:17,006 [WARN] DbBoards:127 - board STM32H743I-EVAL2 has no document id list !
2023-11-21 17:39:17,006 [WARN] DbBoards:127 - board STM32H747I-DISC1 has no document id list !
2023-11-21 17:39:17,006 [WARN] DbBoards:127 - board STM32H753I-EVAL2 has no document id list !
2023-11-21 17:39:17,006 [WARN] DbBoards:127 - board STM32L-DISCOVERY has no document id list !
2023-11-21 17:39:17,170 [ERROR] DbBoards:189 - Image file not found for board B-U585I-IOT02A: C:\ST\STM32CubeIDE_1.7.0\STM32CubeIDE\plugins\com.st.stm32cube.common.mx_6.3.0.202107141111\\db\/plugins/mcufinder/images/boards/B-U585I-IOT02A_small.jpg
2023-11-21 17:39:17,279 [ERROR] DbBoards:189 - Image file not found for board NUCLEO-F413ZH: C:\ST\STM32CubeIDE_1.7.0\STM32CubeIDE\plugins\com.st.stm32cube.common.mx_6.3.0.202107141111\\db\/plugins/mcufinder/images/boards/nucleo-f413zh_small.jpg
2023-11-21 17:39:17,504 [ERROR] DbBoards:189 - Image file not found for board NUCLEO-L552ZE-Q: C:\ST\STM32CubeIDE_1.7.0\STM32CubeIDE\plugins\com.st.stm32cube.common.mx_6.3.0.202107141111\\db\/plugins/mcufinder/images/boards/nucleo_l552ze_q_small.jpg
2023-11-21 17:39:17,504 [ERROR] DbBoards:189 - Image file not found for board NUCLEO-U575ZI-Q: C:\ST\STM32CubeIDE_1.7.0\STM32CubeIDE\plugins\com.st.stm32cube.common.mx_6.3.0.202107141111\\db\/plugins/mcufinder/images/boards/nucleo-u575zi-q_small.jpg
2023-11-21 17:39:17,504 [ERROR] DbBoards:189 - Image file not found for board NUCLEO-WB15CC: C:\ST\STM32CubeIDE_1.7.0\STM32CubeIDE\plugins\com.st.stm32cube.common.mx_6.3.0.202107141111\\db\/plugins/mcufinder/images/boards/nucleo-wb15cc_small.jpg
2023-11-21 17:39:17,504 [ERROR] DbBoards:189 - Image file not found for board NUCLEO-WB55RG: C:\ST\STM32CubeIDE_1.7.0\STM32CubeIDE\plugins\com.st.stm32cube.common.mx_6.3.0.202107141111\\db\/plugins/mcufinder/images/boards/nucleo-wb55rg_small.jpg
2023-11-21 17:39:18,903 [INFO] ApiDb:251 - Load user favorites file C:\Users\Admin/.stm32cubeide/favorites.boards.txt: 0 item(s)
2023-11-21 17:39:18,903 [INFO] ApiDb:255 - User favorites Boards=[]
2023-11-21 17:39:18,903 [INFO] DbBoards:206 - Set 0 / 0 favorites Boards
2023-11-21 17:39:18,908 [INFO] DbBoardsDocs:79 - Found 418 boards documents
2023-11-21 17:39:18,908 [INFO] ApiDb:276 - Save user favorites file C:\Users\Admin/.stm32cubeide/favorites.boards.txt: 0 item(s)
2023-11-21 17:39:18,908 [INFO] ApiDb:280 - User favorites Boards=[]
2023-11-21 17:39:18,913 [INFO] DbBoardsPdsc:90 - Found 25 items
2023-11-21 17:39:18,917 [INFO] DbBoardsPdsc:90 - Found 9 items
2023-11-21 17:39:18,921 [INFO] DbBoardsPdsc:90 - Found 33 items
2023-11-21 17:39:18,923 [INFO] DbBoardsPdsc:90 - Found 1 items
2023-11-21 17:39:18,933 [INFO] DbBoardsPdsc:90 - Found 48 items
2023-11-21 17:39:18,942 [INFO] DbBoardsPdsc:90 - Found 43 items
2023-11-21 17:39:18,944 [INFO] DbBoardsPdsc:90 - Found 2 items
2023-11-21 17:39:18,947 [INFO] DbBoardsPdsc:90 - Found 5 items
2023-11-21 17:39:18,954 [WARN] DbBoardsPdsc:254 - Board STM32H7B3I-DK: unknown feature type=Audio, name=, username=Audio stereo codec with Headphone Amp (CS42L51-CNZ), n=1
2023-11-21 17:39:18,955 [WARN] DbBoardsPdsc:254 - Board STM32H735G-DK: unknown feature type=Audio, name=, username=Audio stereo codec with Headphone Amp (WM8994ECS/R), n=1
2023-11-21 17:39:18,957 [WARN] DbBoardsPdsc:254 - Board STM32H7B3I-EVAL: unknown feature type=Audio, name=, username=Multi-Channel Audio Codec (CS42L51-CNZ), n=1
2023-11-21 17:39:18,957 [WARN] DbBoardsPdsc:254 - Board STM32H7B3I-EVAL: unknown feature type=Meter, name=, username=Power-metering and Temperature-monitoring with sigma-delta modulators, n=1
2023-11-21 17:39:18,958 [WARN] DbBoardsPdsc:254 - Board STM32H7B3I-EVAL: unknown feature type=Motor, name=, username=Motor Control, n=1
2023-11-21 17:39:18,958 [WARN] DbBoardsPdsc:254 - Board STM32U575I-EV: unknown feature type=joystick, name=, username=4-direction joystick with selection button, n=1
2023-11-21 17:39:18,979 [INFO] DbBoardsJson:86 - JSON generation date=Tue Nov 16 23:17:54 ICT 2021 (1637079474)
2023-11-21 17:39:18,985 [INFO] DbBoards:117 - Found 167 boards (163 are supported by CubeMX)
2023-11-21 17:39:18,986 [WARN] DbBoards:127 - board B-L475E-IOT01A2 has no document id list !
2023-11-21 17:39:18,987 [WARN] DbBoards:127 - board NUCLEO-H743ZI has no document id list !
2023-11-21 17:39:18,987 [WARN] DbBoards:127 - board NUCLEO-WL55JC2 has no document id list !
2023-11-21 17:39:18,988 [WARN] DbBoards:127 - board P-NUCLEO-WB55-Nucleo has no document id list !
2023-11-21 17:39:18,988 [WARN] DbBoards:127 - board P-NUCLEO-WB55-USBDongle has no document id list !
2023-11-21 17:39:18,988 [WARN] DbBoards:127 - board STEVAL-BFA001V1B has no document id list !
2023-11-21 17:39:18,988 [WARN] DbBoards:127 - board STEVAL-BFA001V2B has no document id list !
2023-11-21 17:39:18,988 [WARN] DbBoards:127 - board STEVAL-IDP005V1 has no document id list !
2023-11-21 17:39:18,988 [WARN] DbBoards:127 - board STEVAL-IDP005V2 has no document id list !
2023-11-21 17:39:18,988 [WARN] DbBoards:127 - board STEVAL-MKSBOX1V1 has no document id list !
2023-11-21 17:39:18,988 [WARN] DbBoards:127 - board STEVAL-STWINKT1 has no document id list !
2023-11-21 17:39:18,988 [WARN] DbBoards:127 - board STEVAL-STWINKT1B has no document id list !
2023-11-21 17:39:18,988 [WARN] DbBoards:127 - board STM32439I-EVAL2 has no document id list !
2023-11-21 17:39:18,988 [WARN] DbBoards:127 - board STM32F401C-DISCO has no document id list !
2023-11-21 17:39:18,988 [WARN] DbBoards:127 - board STM32F769I-DISC1 has no document id list !
2023-11-21 17:39:18,990 [WARN] DbBoards:127 - board STM32G474E-EVAL1 has no document id list !
2023-11-21 17:39:18,990 [WARN] DbBoards:127 - board STM32H743I-EVAL2 has no document id list !
2023-11-21 17:39:18,990 [WARN] DbBoards:127 - board STM32H747I-DISC1 has no document id list !
2023-11-21 17:39:18,990 [WARN] DbBoards:127 - board STM32H753I-EVAL2 has no document id list !
2023-11-21 17:39:18,990 [WARN] DbBoards:127 - board STM32L-DISCOVERY has no document id list !
2023-11-21 17:39:19,104 [ERROR] DbBoards:189 - Image file not found for board B-U585I-IOT02A: C:\ST\STM32CubeIDE_1.7.0\STM32CubeIDE\plugins\com.st.stm32cube.common.mx_6.3.0.202107141111\\db\/plugins/mcufinder/images/boards/B-U585I-IOT02A_small.jpg
2023-11-21 17:39:19,271 [ERROR] DbBoards:189 - Image file not found for board NUCLEO-F413ZH: C:\ST\STM32CubeIDE_1.7.0\STM32CubeIDE\plugins\com.st.stm32cube.common.mx_6.3.0.202107141111\\db\/plugins/mcufinder/images/boards/nucleo-f413zh_small.jpg
2023-11-21 17:39:19,494 [ERROR] DbBoards:189 - Image file not found for board NUCLEO-L552ZE-Q: C:\ST\STM32CubeIDE_1.7.0\STM32CubeIDE\plugins\com.st.stm32cube.common.mx_6.3.0.202107141111\\db\/plugins/mcufinder/images/boards/nucleo_l552ze_q_small.jpg
2023-11-21 17:39:19,494 [ERROR] DbBoards:189 - Image file not found for board NUCLEO-U575ZI-Q: C:\ST\STM32CubeIDE_1.7.0\STM32CubeIDE\plugins\com.st.stm32cube.common.mx_6.3.0.202107141111\\db\/plugins/mcufinder/images/boards/nucleo-u575zi-q_small.jpg
2023-11-21 17:39:19,494 [ERROR] DbBoards:189 - Image file not found for board NUCLEO-WB15CC: C:\ST\STM32CubeIDE_1.7.0\STM32CubeIDE\plugins\com.st.stm32cube.common.mx_6.3.0.202107141111\\db\/plugins/mcufinder/images/boards/nucleo-wb15cc_small.jpg
2023-11-21 17:39:19,494 [ERROR] DbBoards:189 - Image file not found for board NUCLEO-WB55RG: C:\ST\STM32CubeIDE_1.7.0\STM32CubeIDE\plugins\com.st.stm32cube.common.mx_6.3.0.202107141111\\db\/plugins/mcufinder/images/boards/nucleo-wb55rg_small.jpg
2023-11-21 17:39:20,426 [INFO] ApiDb:251 - Load user favorites file C:\Users\Admin/.stm32cubeide/favorites.boards.txt: 0 item(s)
2023-11-21 17:39:20,427 [INFO] ApiDb:255 - User favorites Boards=[]
2023-11-21 17:39:20,428 [INFO] DbBoards:206 - Set 0 / 0 favorites Boards
2023-11-21 17:39:20,438 [INFO] LoadUrlFilesThread:172 - End of LoadServerUrlFiles without Thread
2023-11-21 17:39:20,438 [INFO] TargetSelectorAdapter:224 - Refresh data is successful
2023-11-21 17:39:20,550 [INFO] ApiDb:479 - Connected to CubeFinder SQLite database (C:\Users\Admin\.stmcufinder\plugins\mcufinder\mcu\cube-finder-db.db)
2023-11-21 17:39:21,644 [ERROR] DbExamplesSqlite:446 - Missing JSON key: board_cpn
2023-11-21 17:39:21,644 [ERROR] DbExamplesSqlite:446 - Missing JSON key: board_cpn
2023-11-21 17:39:21,644 [ERROR] DbExamplesSqlite:446 - Missing JSON key: board_cpn
2023-11-21 17:39:21,644 [ERROR] DbExamplesSqlite:446 - Missing JSON key: board_cpn
2023-11-21 17:39:21,652 [INFO] DbExamplesSqlite:411 - Ignored 27 examples not supported by CubeIDE
2023-11-21 17:39:21,652 [INFO] DbExamplesSqlite:412 - Found 7221 examples active
2023-11-21 17:39:21,652 [INFO] DbExamplesSqlite:413 - Found 777 examples obsolete
2023-11-21 17:39:21,652 [INFO] DbExamplesSqlite:414 - Found 0 examples under development
2023-11-21 17:39:21,653 [INFO] DbExamplesSqlite:415 - Found 74 examples not building
2023-11-21 17:39:21,710 [INFO] DbExamplesSqlite:108 - CubeFinder database Data Model version=2.1
2023-11-21 17:39:21,711 [INFO] DbExamplesSqlite:109 - CubeFinder database Configuration version=3.0.37
2023-11-21 17:39:21,711 [INFO] DbExamplesSqlite:110 - CubeFinder database generation date=2023-10-13 (1697197505)
2023-11-21 17:39:21,711 [INFO] DbExamplesSqlite:111 - CubeFinder database FW Pack versions=[FP-ATR-ASTRA1_V2.0.0, FP-SNS-FLIGHT1_V5.0.1, FP-SNS-FLIGHT1_V5.0.2, FP-SNS-MOTENV1_V4.3.1, FP-SNS-MOTENV1_V4.3.2, FP-SNS-SMARTAG2_V1.2.0, I-CUBE-ITTIADB_V8.6.3-1, STM32Cube_FW_C0_V1.1.0, STM32Cube_FW_F4_V1.27.1, STM32Cube_FW_F7_V1.17.0, STM32Cube_FW_G0_V1.6.1, STM32Cube_FW_G4_V1.5.1, STM32Cube_FW_H5_V0.5.1, STM32Cube_FW_H5_V1.1.1, STM32Cube_FW_H7_V1.11.0, STM32Cube_FW_L0_V1.12.2, STM32Cube_FW_L5_V1.5.0, STM32Cube_FW_U5_V1.3.0, STM32Cube_FW_U5_V1.3.0RC4, STM32Cube_FW_WBA_V1.0.0RC1, STM32Cube_FW_WBA_V1.1.0RC1, STM32Cube_FW_WBA_V1.1.1, STM32Cube_FW_WB_V1.15.0RC1, STM32Cube_FW_WB_V1.16.0, STM32Cube_FW_WB_V1.16.0RC2, STM32Cube_FW_WB_V1.17.3, STM32Cube_FW_WL_V1.3.0, X-CUBE-ALGOBUILD_V1.3.0, X-CUBE-ALS_V1.0.1, X-CUBE-AZRTOS-F4_V1.1.0, X-CUBE-AZRTOS-F7_V1.1.0, X-CUBE-AZRTOS-G0_V1.1.0, X-CUBE-AZRTOS-G4_V2.0.0, X-CUBE-AZRTOS-H7_V3.1.0, X-CUBE-AZRTOS-L4_V1.0.0, X-CUBE-AZRTOS-L4_V2.0.0, X-CUBE-AZRTOS-L5_V1.1.0, X-CUBE-AZRTOS-WB_V2.0.0, X-CUBE-AZRTOS-WL_V2.0.0, X-CUBE-BLE1_V7.0.0, X-CUBE-BLE2_V3.3.0, X-CUBE-BLEMGR_V2.0.0, X-CUBE-EEPRMA1_V4.1.0, X-CUBE-FREERTOS_V1.1.0, X-CUBE-GNSS1_V6.0.0, X-CUBE-MEMS1_V10.0.0, X-CUBE-MEMS1_V9.1.0, X-CUBE-MEMS1_V9.4.0, X-CUBE-MEMS1_V9.6.0, X-CUBE-NFC4_V3.0.0, X-CUBE-NFC7_V1.0.1, X-CUBE-SFXS2LP1_V4.0.0, X-CUBE-SUBG2_V5.0.0, X-CUBE-TOF1_V3.3.1]
2023-11-21 17:39:21,713 [INFO] DbExamples:130 - Found 7268 examples
2023-11-21 17:39:22,791 [ERROR] DbExamples:206 - Found 7268 examples with invalid data (board or MCU)
2023-11-21 17:39:22,792 [INFO] DbExamples:222 - Found 79 boards with related examples
2023-11-21 17:39:22,792 [INFO] DbExamples:235 - Found 0 MCUs with related examples
2023-11-21 17:39:22,815 [INFO] ApiDb:242 - User favorites file not found: C:\Users\Admin/.stm32cubeide/favorites.examples.txt
2023-11-21 17:39:22,815 [INFO] DbExamples:256 - Set 0 / 0 favorites Examples
2023-11-21 17:39:23,124 [INFO] McuFinderGlobals:52 - Set McuFinderConnectedMode to false
2023-11-21 17:39:23,221 [INFO] CrossSelectorPresenter:1330 - Cross Selector saved comparison directory: C:\Users\Admin\.stmcufinder\plugins\mcufinder\mcu\cs_comparisons_mx
2023-11-21 17:39:23,225 [INFO] MultiScanPanel:197 - Auto-refresh data requested => check proxy status ongoing
2023-11-21 17:39:23,226 [INFO] MultiScanPanel:201 - Proxy status is invalid
2023-11-21 17:39:23,230 [INFO] FinderPluginLoader:87 - Searching for filters in installed packs
2023-11-21 17:39:23,772 [INFO] DetailPanel:309 - Set advertising image to C:/Users/Admin/STM32Cube/Repository/\en.prom-stm32h5-mcu-finder.jpg
2023-11-21 18:25:09,561 [INFO] MainUpdater:2671 - connection check result : 10
2023-11-21 18:25:09,562 [INFO] MainUpdater:2671 - connection check result : 10
2023-11-21 18:25:09,620 [INFO] MicroXplorer:448 - Change Database Path : 
2023-11-21 18:25:09,620 [INFO] MicroXplorer:478 - Change Database Version : DB.6.0.30
2023-11-21 18:25:09,620 [WARN] ThirdParty:813 - waiting for thirdparty lock release [close project]
2023-11-21 18:25:09,620 [INFO] ThirdParty:815 - entering critical section [close project]
2023-11-21 18:25:09,621 [INFO] ThirdParty:825 - exiting critical section [close project]
2023-11-21 18:25:09,624 [INFO] PinOutPanel:1463 - setPackage(No Configuration,No Configuration)
2023-11-21 18:25:09,626 [INFO] UtilMem:74 - Begin LoadConfig() Used Memory: 783237624 Bytes (1073741824)
2023-11-21 18:25:09,627 [INFO] MicroXplorer:448 - Change Database Path : 
2023-11-21 18:25:09,627 [INFO] MicroXplorer:478 - Change Database Version : DB.6.0.30
2023-11-21 18:25:09,627 [INFO] OpenFileManager:313 - Change cursor
2023-11-21 18:25:10,392 [INFO] Context:592 - Trying to add GPIOservice into a context  which must be forbidden
2023-11-21 18:25:10,612 [INFO] ImportTextPane:167 - (OptionalMessage_ERROR) Unable to find key (Mcu.ThirdPartyNb) in loaded IOC file
2023-11-21 18:25:10,613 [INFO] ImportTextPane:167 - (OptionalMessage_ERROR) Unable to find key (Mcu.PinsNb) in loaded IOC file
2023-11-21 18:25:10,613 [INFO] ImportTextPane:167 - (OptionalMessage_ERROR) Unable to find key (Mcu.IPNb) in loaded IOC file
2023-11-21 18:25:10,652 [WARN] ApiManager:304 - Cannot register API 'Board Extension:GNSS1A1' from pack STMicroelectronics.X-CUBE-GNSS1.6.0.0: no header file found
2023-11-21 18:25:10,652 [WARN] ApiManager:304 - Cannot register API 'Board Support:Custom' from pack STMicroelectronics.X-CUBE-GNSS1.6.0.0: no header file found
2023-11-21 18:25:10,653 [WARN] ApiManager:304 - Cannot register API 'Data Exchange:lib_gnss' from pack STMicroelectronics.X-CUBE-GNSS1.6.0.0: no header file found
2023-11-21 18:25:10,864 [WARN] ApiManager:304 - Cannot register API 'Board Extension:IKS01A3' from pack STMicroelectronics.X-CUBE-MEMS1.9.6.0: no header file found
2023-11-21 18:25:10,864 [WARN] ApiManager:304 - Cannot register API 'Board Extension:IKS01A2' from pack STMicroelectronics.X-CUBE-MEMS1.9.6.0: no header file found
2023-11-21 18:25:10,864 [WARN] ApiManager:304 - Cannot register API 'Board Extension:IKS02A1' from pack STMicroelectronics.X-CUBE-MEMS1.9.6.0: no header file found
2023-11-21 18:25:10,871 [WARN] ApiManager:304 - Cannot register API 'Board Extension:EEPRMA2' from pack STMicroelectronics.X-CUBE-EEPRMA1.4.2.0: no header file found
2023-11-21 18:25:10,871 [WARN] ApiManager:304 - Cannot register API 'Board Extension:PGEEZ1' from pack STMicroelectronics.X-CUBE-EEPRMA1.4.2.0: no header file found
2023-11-21 18:25:10,871 [WARN] ApiManager:304 - Cannot register API 'Board Part:M24' from pack STMicroelectronics.X-CUBE-EEPRMA1.4.2.0: no header file found
2023-11-21 18:25:10,871 [WARN] ApiManager:304 - Cannot register API 'Board Part:M95' from pack STMicroelectronics.X-CUBE-EEPRMA1.4.2.0: no header file found
2023-11-21 18:25:10,871 [WARN] ApiManager:304 - Cannot register API 'Board Part:M95P32' from pack STMicroelectronics.X-CUBE-EEPRMA1.4.2.0: no header file found
2023-11-21 18:25:10,871 [WARN] ApiManager:304 - Cannot register API 'PGEEZ1:SPI' from pack STMicroelectronics.X-CUBE-EEPRMA1.4.2.0: no header file found
2023-11-21 18:25:10,871 [WARN] ApiManager:304 - Cannot register API 'PGEEZ1:QDSPI' from pack STMicroelectronics.X-CUBE-EEPRMA1.4.2.0: no header file found
2023-11-21 18:25:10,872 [INFO] RtosManager:484 - Registered RTOS mode: class=CMSIS, group=RTOS, mode=CMSIS_V1, owner=FREERTOS
2023-11-21 18:25:10,872 [INFO] RtosManager:484 - Registered RTOS mode: class=CMSIS, group=RTOS2, mode=CMSIS_V2, owner=FREERTOS
2023-11-21 18:25:10,872 [INFO] RtosManager:484 - Registered RTOS mode: class=RTOS, group=Core, mode=CMSIS_V1, owner=FREERTOS
2023-11-21 18:25:10,872 [INFO] RtosManager:484 - Registered RTOS mode: class=RTOS, group=Core, mode=CMSIS_V2, owner=FREERTOS
2023-11-21 18:25:10,872 [WARN] ModelIntegratedComponent:181 - Missing modes for component STMicroelectronics:FreeRTOS:0.0.1:STMicroelectronics:RTOS:FreeRTOS:Core:::10.2.0:
2023-11-21 18:25:10,874 [WARN] ApiManager:304 - Cannot register API 'Board Extension:NFC04A1' from pack STMicroelectronics.X-CUBE-NFC4.3.0.0: no header file found
2023-11-21 18:25:10,877 [WARN] ApiManager:304 - Cannot register API 'Board Extension:S2868A1' from pack STMicroelectronics.X-CUBE-SUBG2.5.0.0: no header file found
2023-11-21 18:25:10,877 [WARN] ApiManager:304 - Cannot register API 'Board Extension:S2868A2' from pack STMicroelectronics.X-CUBE-SUBG2.5.0.0: no header file found
2023-11-21 18:25:10,877 [WARN] ApiManager:304 - Cannot register API 'Board Extension:S2915A1' from pack STMicroelectronics.X-CUBE-SUBG2.5.0.0: no header file found
2023-11-21 18:25:10,880 [WARN] ApiManager:304 - Cannot register API 'Wireless:BlueNRG-MS' from pack STMicroelectronics.X-CUBE-BLE1.7.0.0: no header file found
2023-11-21 18:25:10,882 [WARN] ModelIntegratedComponent:60 - No mode defined for component null
2023-11-21 18:25:10,882 [WARN] ModelIntegratedComponent:60 - No mode defined for component null
2023-11-21 18:25:10,882 [WARN] ModelIntegratedComponent:60 - No mode defined for component null
2023-11-21 18:25:10,882 [WARN] ModelIntegratedComponent:60 - No mode defined for component null
2023-11-21 18:25:10,882 [WARN] ModelIntegratedComponent:60 - No mode defined for component null
2023-11-21 18:25:10,882 [WARN] ModelIntegratedComponent:60 - No mode defined for component null
2023-11-21 18:25:10,882 [WARN] ModelIntegratedComponent:60 - No mode defined for component null
2023-11-21 18:25:10,882 [WARN] ModelIntegratedComponent:60 - No mode defined for component null
2023-11-21 18:25:10,882 [WARN] ModelIntegratedComponent:60 - No mode defined for component null
2023-11-21 18:25:10,882 [WARN] ModelIntegratedComponent:60 - No mode defined for component null
2023-11-21 18:25:10,882 [WARN] ModelIntegratedComponent:60 - No mode defined for component null
2023-11-21 18:25:10,883 [WARN] ModelIntegratedComponent:60 - No mode defined for component null
2023-11-21 18:25:10,883 [WARN] ModelIntegratedComponent:60 - No mode defined for component null
2023-11-21 18:25:10,883 [WARN] ModelIntegratedComponent:60 - No mode defined for component null
2023-11-21 18:25:10,883 [WARN] ModelIntegratedComponent:60 - No mode defined for component null
2023-11-21 18:25:10,883 [WARN] ModelIntegratedComponent:60 - No mode defined for component null
2023-11-21 18:25:10,883 [WARN] ModelIntegratedComponent:60 - No mode defined for component null
2023-11-21 18:25:10,883 [WARN] ModelIntegratedComponent:60 - No mode defined for component null
2023-11-21 18:25:10,883 [WARN] ModelIntegratedComponent:60 - No mode defined for component null
2023-11-21 18:25:10,883 [WARN] ModelIntegratedComponent:60 - No mode defined for component null
2023-11-21 18:25:10,883 [WARN] ModelIntegratedComponent:60 - No mode defined for component null
2023-11-21 18:25:10,883 [WARN] ModelIntegratedComponent:60 - No mode defined for component null
2023-11-21 18:25:10,883 [WARN] ModelIntegratedComponent:60 - No mode defined for component null
2023-11-21 18:25:10,883 [WARN] ModelIntegratedComponent:60 - No mode defined for component null
2023-11-21 18:25:10,883 [WARN] ModelIntegratedComponent:60 - No mode defined for component null
2023-11-21 18:25:10,884 [WARN] ModelIntegratedComponent:60 - No mode defined for component null
2023-11-21 18:25:10,884 [WARN] ModelIntegratedComponent:60 - No mode defined for component null
2023-11-21 18:25:10,884 [WARN] ModelIntegratedComponent:60 - No mode defined for component null
2023-11-21 18:25:10,884 [WARN] ModelIntegratedComponent:60 - No mode defined for component null
2023-11-21 18:25:10,884 [WARN] ModelIntegratedComponent:60 - No mode defined for component null
2023-11-21 18:25:10,884 [WARN] ModelIntegratedComponent:60 - No mode defined for component null
2023-11-21 18:25:11,039 [WARN] ApiManager:304 - Cannot register API 'Board Extension:IKS01A3' from pack STMicroelectronics.X-CUBE-MEMS1.10.0.0: no header file found
2023-11-21 18:25:11,040 [WARN] ApiManager:304 - Cannot register API 'Board Extension:IKS02A1' from pack STMicroelectronics.X-CUBE-MEMS1.10.0.0: no header file found
2023-11-21 18:25:11,040 [WARN] ApiManager:304 - Cannot register API 'Board Extension:IKS4A1' from pack STMicroelectronics.X-CUBE-MEMS1.10.0.0: no header file found
2023-11-21 18:25:11,047 [WARN] ApiManager:304 - Cannot register API 'Board Extension:NFC07A1' from pack STMicroelectronics.X-CUBE-NFC7.1.0.1: no header file found
2023-11-21 18:25:11,048 [WARN] ApiManager:304 - Cannot register API 'Board Extension:NFC06A1' from pack STMicroelectronics.X-CUBE-NFC6.3.0.0: no header file found
2023-11-21 18:25:11,048 [WARN] ApiManager:304 - Cannot register API 'Board Extension:NFC08A1' from pack STMicroelectronics.X-CUBE-NFC6.3.0.0: no header file found
2023-11-21 18:25:11,049 [WARN] ApiManager:304 - Cannot register API 'Board Extension:EEPRMA1' from pack STMicroelectronics.X-CUBE-EEPRMA1.4.1.0: no header file found
2023-11-21 18:25:11,049 [WARN] ApiManager:304 - Cannot register API 'Board Extension:EEPRMA2' from pack STMicroelectronics.X-CUBE-EEPRMA1.4.1.0: no header file found
2023-11-21 18:25:11,049 [WARN] ApiManager:304 - Cannot register API 'Board Extension:PGEEZ1' from pack STMicroelectronics.X-CUBE-EEPRMA1.4.1.0: no header file found
2023-11-21 18:25:11,049 [WARN] ApiManager:304 - Cannot register API 'Board Part:M24' from pack STMicroelectronics.X-CUBE-EEPRMA1.4.1.0: no header file found
2023-11-21 18:25:11,049 [WARN] ApiManager:304 - Cannot register API 'Board Part:M95' from pack STMicroelectronics.X-CUBE-EEPRMA1.4.1.0: no header file found
2023-11-21 18:25:11,049 [WARN] ApiManager:304 - Cannot register API 'Board Part:M95P32' from pack STMicroelectronics.X-CUBE-EEPRMA1.4.1.0: no header file found
2023-11-21 18:25:11,049 [WARN] ApiManager:304 - Cannot register API 'PGEEZ1:SPI' from pack STMicroelectronics.X-CUBE-EEPRMA1.4.1.0: no header file found
2023-11-21 18:25:11,050 [WARN] ApiManager:304 - Cannot register API 'PGEEZ1:QDSPI' from pack STMicroelectronics.X-CUBE-EEPRMA1.4.1.0: no header file found
2023-11-21 18:25:11,057 [WARN] ApiManager:304 - Cannot register API 'Board Extension:S2868A1' from pack STMicroelectronics.X-CUBE-SFXS2LP1.4.0.0: no header file found
2023-11-21 18:25:11,057 [WARN] ApiManager:304 - Cannot register API 'Board Extension:S2868A2' from pack STMicroelectronics.X-CUBE-SFXS2LP1.4.0.0: no header file found
2023-11-21 18:25:11,057 [WARN] ApiManager:304 - Cannot register API 'Board Extension:S2915A1' from pack STMicroelectronics.X-CUBE-SFXS2LP1.4.0.0: no header file found
2023-11-21 18:25:11,058 [WARN] ApiManager:304 - Cannot register API 'Wireless:BlueNRG-2' from pack STMicroelectronics.X-CUBE-BLE2.3.3.0: no header file found
2023-11-21 18:25:13,619 [INFO] UtilMem:74 - End LoadConfig() Used Memory: 663726688 Bytes (1073741824)
2023-11-21 18:25:13,626 [WARN] ThirdParty:779 - waiting for thirdparty lock release [change project]
2023-11-21 18:25:13,626 [INFO] ThirdParty:781 - entering critical section [change project]
2023-11-21 18:25:13,627 [INFO] ThirdParty:967 - CMSIS Pack Vendor :STMicroelectronics X-CUBE-ISPU 1.1.0
2023-11-21 18:25:13,627 [INFO] ThirdParty:967 - CMSIS Pack Vendor :STMicroelectronics X-CUBE-GNSS1 6.0.0
2023-11-21 18:25:13,627 [INFO] ThirdParty:967 - CMSIS Pack Vendor :STMicroelectronics USB_HOST 2.0.0
2023-11-21 18:25:13,627 [INFO] ThirdParty:967 - CMSIS Pack Vendor :STMicroelectronics X-CUBE-AZRTOS-F4 1.1.0
2023-11-21 18:25:13,627 [INFO] ThirdParty:967 - CMSIS Pack Vendor :wolfSSL I-CUBE-wolfSSL 5.6.3
2023-11-21 18:25:13,627 [INFO] ThirdParty:967 - CMSIS Pack Vendor :STMicroelectronics USB_DEVICE 3.0.0
2023-11-21 18:25:13,627 [INFO] ThirdParty:967 - CMSIS Pack Vendor :STMicroelectronics X-CUBE-AZRTOS-WB 2.0.0
2023-11-21 18:25:13,627 [INFO] ThirdParty:967 - CMSIS Pack Vendor :STMicroelectronics X-CUBE-AZRTOS-F7 1.1.0
2023-11-21 18:25:13,627 [INFO] ThirdParty:967 - CMSIS Pack Vendor :STMicroelectronics X-CUBE-AZRTOS-L5 2.0.0
2023-11-21 18:25:13,627 [INFO] ThirdParty:967 - CMSIS Pack Vendor :STMicroelectronics USB_DEVICE 2.0.0
2023-11-21 18:25:13,627 [INFO] ThirdParty:967 - CMSIS Pack Vendor :STMicroelectronics X-CUBE-MEMS1 9.6.0
2023-11-21 18:25:13,627 [INFO] ThirdParty:967 - CMSIS Pack Vendor :STMicroelectronics X-CUBE-EEPRMA1 4.2.0
2023-11-21 18:25:13,627 [INFO] ThirdParty:967 - CMSIS Pack Vendor :STMicroelectronics X-CUBE-ALGOBUILD 1.3.0
2023-11-21 18:25:13,627 [INFO] ThirdParty:967 - CMSIS Pack Vendor :STMicroelectronics FreeRTOS 0.0.1
2023-11-21 18:25:13,627 [INFO] ThirdParty:967 - CMSIS Pack Vendor :STMicroelectronics X-CUBE-AZRTOS-G0 1.1.0
2023-11-21 18:25:13,627 [INFO] ThirdParty:967 - CMSIS Pack Vendor :STMicroelectronics X-CUBE-BLEMGR 2.0.0
2023-11-21 18:25:13,627 [INFO] ThirdParty:967 - CMSIS Pack Vendor :STMicroelectronics X-CUBE-NFC4 3.0.0
2023-11-21 18:25:13,627 [INFO] ThirdParty:967 - CMSIS Pack Vendor :STMicroelectronics X-CUBE-SUBG2 5.0.0
2023-11-21 18:25:13,627 [INFO] ThirdParty:967 - CMSIS Pack Vendor :STMicroelectronics lwIP 2.0.3
2023-11-21 18:25:13,628 [INFO] ThirdParty:967 - CMSIS Pack Vendor :STMicroelectronics USB_HOST 1.0.0
2023-11-21 18:25:13,628 [INFO] ThirdParty:967 - CMSIS Pack Vendor :STMicroelectronics X-CUBE-AZRTOS-G4 2.0.0
2023-11-21 18:25:13,628 [INFO] ThirdParty:967 - CMSIS Pack Vendor :STMicroelectronics PDM2PCM 3.1.0
2023-11-21 18:25:13,628 [INFO] ThirdParty:967 - CMSIS Pack Vendor :STMicroelectronics X-CUBE-AZRTOS-H7 3.1.0
2023-11-21 18:25:13,628 [INFO] ThirdParty:967 - CMSIS Pack Vendor :STMicroelectronics PDM2PCM 3.3.0
2023-11-21 18:25:13,628 [INFO] ThirdParty:967 - CMSIS Pack Vendor :STMicroelectronics X-CUBE-BLE1 7.0.0
2023-11-21 18:25:13,628 [INFO] ThirdParty:967 - CMSIS Pack Vendor :STMicroelectronics FP-ATR-SIGFOX1 3.2.0
2023-11-21 18:25:13,628 [INFO] ThirdParty:967 - CMSIS Pack Vendor :STMicroelectronics HAL Drivers 0.0.0
2023-11-21 18:25:13,628 [INFO] ThirdParty:967 - CMSIS Pack Vendor :STMicroelectronics MBEDTLS 2.16.2
2023-11-21 18:25:13,628 [INFO] ThirdParty:967 - CMSIS Pack Vendor :STMicroelectronics X-CUBE-MEMS1 10.0.0
2023-11-21 18:25:13,628 [INFO] ThirdParty:967 - CMSIS Pack Vendor :STMicroelectronics X-CUBE-TOUCHGFX 4.22.0
2023-11-21 18:25:13,628 [INFO] ThirdParty:967 - CMSIS Pack Vendor :STMicroelectronics X-CUBE-NFC7 1.0.1
2023-11-21 18:25:13,628 [INFO] ThirdParty:967 - CMSIS Pack Vendor :STMicroelectronics MBEDTLS 2.14.1
2023-11-21 18:25:13,628 [INFO] ThirdParty:967 - CMSIS Pack Vendor :STMicroelectronics X-CUBE-TOUCHGFX 4.22.1
2023-11-21 18:25:13,628 [INFO] ThirdParty:967 - CMSIS Pack Vendor :STMicroelectronics X-CUBE-NFC6 3.0.0
2023-11-21 18:25:13,628 [INFO] ThirdParty:967 - CMSIS Pack Vendor :STMicroelectronics X-CUBE-EEPRMA1 4.1.0
2023-11-21 18:25:13,628 [INFO] ThirdParty:967 - CMSIS Pack Vendor :portGmbH I-Cube-SoM-uGOAL 1.1.0
2023-11-21 18:25:13,628 [INFO] ThirdParty:967 - CMSIS Pack Vendor :STMicroelectronics X-CUBE-ALS 1.0.1
2023-11-21 18:25:13,628 [INFO] ThirdParty:967 - CMSIS Pack Vendor :STMicroelectronics X-CUBE-AZRTOS-WL 2.0.0
2023-11-21 18:25:13,628 [INFO] ThirdParty:967 - CMSIS Pack Vendor :SEGGER I-CUBE-embOS 1.3.1
2023-11-21 18:25:13,629 [INFO] ThirdParty:967 - CMSIS Pack Vendor :STMicroelectronics USB_DEVICE 1.0.0
2023-11-21 18:25:13,629 [INFO] ThirdParty:967 - CMSIS Pack Vendor :STMicroelectronics X-CUBE-AI 8.1.0
2023-11-21 18:25:13,629 [INFO] ThirdParty:967 - CMSIS Pack Vendor :STMicroelectronics X-CUBE-AZRTOS-L4 2.0.0
2023-11-21 18:25:13,629 [INFO] ThirdParty:967 - CMSIS Pack Vendor :STMicroelectronics ThreadX 0.0.2
2023-11-21 18:25:13,629 [INFO] ThirdParty:967 - CMSIS Pack Vendor :WES I-CUBE-Cesium 1.3.0
2023-11-21 18:25:13,629 [INFO] ThirdParty:967 - CMSIS Pack Vendor :STMicroelectronics FP-ATR-ASTRA1 2.0.0
2023-11-21 18:25:13,629 [INFO] ThirdParty:967 - CMSIS Pack Vendor :STMicroelectronics lwIP 2.1.2
2023-11-21 18:25:13,629 [INFO] ThirdParty:967 - CMSIS Pack Vendor :STMicroelectronics X-CUBE-SFXS2LP1 4.0.0
2023-11-21 18:25:13,629 [INFO] ThirdParty:967 - CMSIS Pack Vendor :STMicroelectronics X-CUBE-BLE2 3.3.0
2023-11-21 18:25:13,629 [INFO] ThirdParty:967 - CMSIS Pack Vendor :STMicroelectronics PDM2PCM 3.2.0
2023-11-21 18:25:13,629 [INFO] ThirdParty:787 - exiting critical section [change project]
2023-11-21 18:25:13,828 [INFO] PinOutPanel:1463 - setPackage(No Configuration,No Configuration)
2023-11-21 18:25:13,837 [INFO] PinOutPanel:1463 - setPackage(STM32F103C6Ux,UFQFPN48)
2023-11-21 18:25:14,188 [INFO] UtilMem:74 - Before build in PCC Used Memory: 676696952 Bytes (1073741824)
2023-11-21 18:25:14,768 [INFO] UtilMem:74 - After build in PCC Used Memory: 757959544 Bytes (1073741824)
2023-11-21 18:25:14,786 [INFO] IPUIPlugin:74 - create IPUIPlugin
2023-11-21 18:25:14,787 [INFO] IPUIPlugin:74 - create IPUIPlugin
2023-11-21 18:25:14,787 [INFO] IPUIPlugin:74 - create IPUIPlugin
2023-11-21 18:25:14,787 [INFO] IPUIPlugin:74 - create IPUIPlugin
2023-11-21 18:25:14,787 [INFO] IPUIPlugin:74 - create IPUIPlugin
2023-11-21 18:25:14,787 [INFO] IPUIPlugin:74 - create IPUIPlugin
2023-11-21 18:25:14,787 [INFO] IPUIPlugin:74 - create IPUIPlugin
2023-11-21 18:25:14,787 [INFO] IPUIPlugin:74 - create IPUIPlugin
2023-11-21 18:25:14,787 [INFO] IPUIPlugin:74 - create IPUIPlugin
2023-11-21 18:25:14,788 [INFO] IPUIPlugin:74 - create IPUIPlugin
2023-11-21 18:25:14,788 [INFO] IPUIPlugin:74 - create IPUIPlugin
2023-11-21 18:25:14,788 [INFO] IPUIPlugin:74 - create IPUIPlugin
2023-11-21 18:25:14,788 [INFO] IPUIPlugin:74 - create IPUIPlugin
2023-11-21 18:25:14,788 [INFO] IPUIPlugin:74 - create IPUIPlugin
2023-11-21 18:25:14,789 [INFO] IPUIPlugin:74 - create IPUIPlugin
2023-11-21 18:25:14,789 [INFO] IPUIPlugin:74 - create IPUIPlugin
2023-11-21 18:25:14,789 [INFO] IPUIPlugin:74 - create IPUIPlugin
2023-11-21 18:25:14,789 [INFO] IPUIPlugin:74 - create IPUIPlugin
2023-11-21 18:25:14,790 [INFO] IPUIPlugin:74 - create IPUIPlugin
2023-11-21 18:25:14,790 [INFO] IPUIPlugin:74 - create IPUIPlugin
2023-11-21 18:25:14,790 [INFO] IPUIPlugin:74 - create IPUIPlugin
2023-11-21 18:25:14,790 [INFO] IPUIPlugin:74 - create IPUIPlugin
2023-11-21 18:25:14,791 [INFO] IPUIPlugin:74 - create IPUIPlugin
2023-11-21 18:25:14,894 [INFO] OpenFileManager:333 - Restore cursor
2023-11-21 18:25:15,133 [INFO] UtilMem:74 - End SaveConfig() Used Memory: 825068408 Bytes (1073741824)
2023-11-21 18:25:15,168 [INFO] UtilMem:74 - End SaveConfig() Used Memory: 837651320 Bytes (1073741824)
2023-11-21 18:25:15,489 [INFO] BlockDiagram:2740 - set Specific Code input for plugin: NVIC
2023-11-21 18:25:15,489 [INFO] BlockDiagram:2740 - set Specific Code input for plugin: SYS
2023-11-21 18:25:15,489 [INFO] BlockDiagram:2740 - set Specific Code input for plugin: RCC
2023-11-21 18:25:15,490 [INFO] CodeGenerator:663 - code generatio: config db path: C:\ST\STM32CubeIDE_1.7.0\STM32CubeIDE\plugins\com.st.stm32cube.common.mx_6.3.0.202107141111\\db\
2023-11-21 18:25:15,779 [INFO] CodeEngine:239 - oldGeneratedFile, D:\LAB_5\Source\MXTmpFiles\license.tmp_save
2023-11-21 18:25:16,062 [INFO] CodeEngine:257 - Generated code: D:\LAB_5\Source\MXTmpFiles\license.tmp
2023-11-21 18:25:16,160 [INFO] CodeEngine:239 - oldGeneratedFile, D:\LAB_5\Source\Core\Src\stm32f1xx_it.c_save
2023-11-21 18:25:16,269 [INFO] CodeEngine:257 - Generated code: D:\LAB_5\Source\Core\Src\stm32f1xx_it.c
2023-11-21 18:25:16,276 [INFO] CodeEngine:239 - oldGeneratedFile, D:\LAB_5\Source\Core\Inc\stm32f1xx_it.h_save
2023-11-21 18:25:16,338 [INFO] CodeEngine:257 - Generated code: D:\LAB_5\Source\Core\Inc\stm32f1xx_it.h
2023-11-21 18:25:16,352 [INFO] CodeEngine:239 - oldGeneratedFile, D:\LAB_5\Source\Core\Src\stm32f1xx_hal_msp.c_save
2023-11-21 18:25:16,453 [INFO] CodeEngine:257 - Generated code: D:\LAB_5\Source\Core\Src\stm32f1xx_hal_msp.c
2023-11-21 18:25:16,461 [INFO] CodeEngine:239 - oldGeneratedFile, D:\LAB_5\Source\MXTmpFiles\system.tmp_save
2023-11-21 18:25:16,515 [INFO] CodeEngine:257 - Generated code: D:\LAB_5\Source\MXTmpFiles\system.tmp
2023-11-21 18:25:16,527 [INFO] CodeEngine:239 - oldGeneratedFile, D:\LAB_5\Source\Core\Inc\stm32f1xx_hal_conf.h_save
2023-11-21 18:25:16,646 [INFO] CodeEngine:257 - Generated code: D:\LAB_5\Source\Core\Inc\stm32f1xx_hal_conf.h
2023-11-21 18:25:16,689 [INFO] CodeEngine:239 - oldGeneratedFile, D:\LAB_5\Source\Core\Inc\main.h_save
2023-11-21 18:25:16,761 [INFO] CodeEngine:257 - Generated code: D:\LAB_5\Source\Core\Inc\main.h
2023-11-21 18:25:16,769 [INFO] CodeEngine:239 - oldGeneratedFile, D:\LAB_5\Source\Core\Src\main.c_save
2023-11-21 18:25:16,903 [INFO] CodeEngine:257 - Generated code: D:\LAB_5\Source\Core\Src\main.c
2023-11-21 18:25:17,747 [INFO] ProjectBuilder:2578 - Time for Copy HAL[1] : 71mS.
2023-11-21 18:25:17,752 [INFO] ProjectBuilder:3622 - Project Generator version: 3.14.1
2023-11-21 18:25:18,287 [INFO] ConfigFileManager:1271 - The Die is : DIE412
2023-11-21 18:25:18,323 [INFO] ApiDbMcu:468 - Load IP Config File for FATFS
2023-11-21 18:25:18,369 [INFO] ApiDbMcu:468 - Load IP Config File for FREERTOS
2023-11-21 18:25:18,413 [INFO] ApiDbMcu:468 - Load IP Config File for USB_DEVICE
2023-11-21 18:25:23,134 [INFO] ProjectBuilder:3789 - Time for Generating toolchain IDE Files: 5382mS.
2023-11-21 18:25:23,135 [INFO] ProjectBuilder:2457 - Time for Copy CMSIS : 0mS.
2023-11-21 18:25:23,136 [INFO] ProjectBuilder:2457 - Time for Copy CMSIS : 0mS.
2023-11-21 18:25:24,472 [INFO] McuFinderGlobals:52 - Set McuFinderConnectedMode to true
2023-11-21 18:25:24,473 [INFO] ApiDb:276 - Save user favorites file C:\Users\Admin/.stm32cubeide/favorites.mcus.txt: 0 item(s)
2023-11-21 18:25:24,474 [INFO] ApiDb:280 - User favorites MCUs=[]
